<?xml version="1.0" encoding="UTF-8"?>
<testsuite name="com.budgetapp.settings.SettingsViewModelTest" tests="7" skipped="0" failures="0" errors="0" timestamp="2026-05-25T06:34:49" hostname="Valentina-Peikova" time="0.333">
  <properties/>
  <testcase name="saveGitHubSettings with empty values still persists" classname="com.budgetapp.settings.SettingsViewModelTest" time="0.187"/>
  <testcase name="clearBugReportStatus resets to Idle" classname="com.budgetapp.settings.SettingsViewModelTest" time="0.021"/>
  <testcase name="submitBugReport with blank credentials sets Error without network call" classname="com.budgetapp.settings.SettingsViewModelTest" time="0.045"/>
  <testcase name="setLanguage to en resets to empty locale list" classname="com.budgetapp.settings.SettingsViewModelTest" time="0.02"/>
  <testcase name="saveGitHubSettings persists all three values and updates uiState" classname="com.budgetapp.settings.SettingsViewModelTest" time="0.022"/>
  <testcase name="setLanguage updates currentLanguage in uiState" classname="com.budgetapp.settings.SettingsViewModelTest" time="0.018"/>
  <testcase name="submitBugReport error message mentions GitHub settings" classname="com.budgetapp.settings.SettingsViewModelTest" time="0.02"/>
  <system-out><![CDATA[]]></system-out>
  <system-err><![CDATA[]]></system-err>
</testsuite>
